<?xml version="1.0" encoding="UTF-8"?>
<!-- Generated by org.testng.reporters.JUnitReportReporter -->
<testsuite hostname="DellRajesh" failures="0" tests="2" name="pack01.Test01" time="2.192" errors="0" timestamp="2022-05-20T15:13:44 IST" skipped="0">
  <testcase classname="pack01.Test01" name="selectBox" time="0.859"/>
  <system-out/>
  <testcase classname="pack01.Test01" name="Test01" time="1.333"/>
  <system-out/>
</testsuite> <!-- pack01.Test01 -->
