<?xml version="1.0" encoding="UTF-8"?>
<!-- Generated by org.testng.reporters.JUnitReportReporter -->
<testsuite hostname="DellRajesh" failures="0" tests="1" name="pack01.Test02" time="6.961" errors="0" timestamp="2022-05-20T15:13:44 IST" skipped="0">
  <testcase classname="pack01.Test02" name="Test03" time="6.961"/>
  <system-out/>
</testsuite> <!-- pack01.Test02 -->
