<?xml version="1.0" encoding="UTF-8"?>
<!-- Generated by org.testng.reporters.JUnitReportReporter -->
<testsuite skipped="0" hostname="DellRajesh" name="pack01.Test04" tests="1" failures="0" timestamp="2022-04-13T13:59:39 IST" time="3.446" errors="0">
  <testcase name="Test05" time="3.446" classname="pack01.Test04"/>
  <system-out/>
</testsuite> <!-- pack01.Test04 -->
