<?xml version="1.0" encoding="UTF-8"?>
<!-- Generated by org.testng.reporters.JUnitReportReporter -->
<testsuite skipped="0" hostname="DellRajesh" name="pack01.Test02" tests="1" failures="0" timestamp="2022-04-13T13:59:39 IST" time="13.746" errors="0">
  <testcase name="Test03" time="13.746" classname="pack01.Test02"/>
  <system-out/>
</testsuite> <!-- pack01.Test02 -->
