<?xml version="1.0" encoding="UTF-8"?>
<!-- Generated by org.testng.reporters.JUnitReportReporter -->
<testsuite skipped="0" hostname="DellRajesh" name="pack01.Test01" tests="2" failures="0" timestamp="2022-04-13T13:59:39 IST" time="1.193" errors="0">
  <testcase name="selectBox" time="0.189" classname="pack01.Test01"/>
  <system-out/>
  <testcase name="Test01" time="1.004" classname="pack01.Test01"/>
  <system-out/>
</testsuite> <!-- pack01.Test01 -->
